<?xml version="1.0" encoding="UTF-8"?>
<!-- Generated by org.testng.reporters.JUnitReportReporter -->
<testsuite ignored="0" hostname="MSI" failures="0" tests="1" name="com.BankingV1.testCases.TC_AddCustomerTest" time="0.000" errors="0" timestamp="06 Feb 2021 11:24:14 GMT" skipped="1">
  <testcase classname="com.BankingV1.testCases.TC_AddCustomerTest" name="addNewCustomer" time="0.000">
    <skipped/>
  </testcase> <!-- addNewCustomer -->
</testsuite> <!-- com.BankingV1.testCases.TC_AddCustomerTest -->
