<?xml version="1.0" encoding="UTF-8"?>
<!-- Generated by org.testng.reporters.JUnitReportReporter -->
<testsuite ignored="0" hostname="MSI" failures="0" tests="4" name="com.BankingV1.testCases.TC_LoginTestDDT" time="0.000" errors="0" timestamp="06 Feb 2021 11:24:14 GMT" skipped="4">
  <testcase classname="com.BankingV1.testCases.TC_LoginTestDDT" name="logInDDT" time="0.000">
    <skipped/>
  </testcase> <!-- logInDDT -->
  <testcase classname="com.BankingV1.testCases.TC_LoginTestDDT" name="logInDDT" time="0.000">
    <skipped/>
  </testcase> <!-- logInDDT -->
  <testcase classname="com.BankingV1.testCases.TC_LoginTestDDT" name="logInDDT" time="0.000">
    <skipped/>
  </testcase> <!-- logInDDT -->
  <testcase classname="com.BankingV1.testCases.TC_LoginTestDDT" name="logInDDT" time="0.000">
    <skipped/>
  </testcase> <!-- logInDDT -->
</testsuite> <!-- com.BankingV1.testCases.TC_LoginTestDDT -->
